<?xml version="1.0" encoding="utf-8"?><testsuites name="pytest tests"><testsuite name="pytest" errors="0" failures="0" skipped="0" tests="214" time="13.821" timestamp="2026-03-04T15:31:50.948009+03:00" hostname="adira-Raider-GE68HX-13VF"><testcase classname="test_01_health.TestServiceHealth" name="test_actuator_health[account]" time="0.003" /><testcase classname="test_01_health.TestServiceHealth" name="test_actuator_health[product]" time="0.003" /><testcase classname="test_01_health.TestServiceHealth" name="test_actuator_health[loan_origination]" time="0.003" /><testcase classname="test_01_health.TestServiceHealth" name="test_actuator_health[loan_management]" time="0.003" /><testcase classname="test_01_health.TestServiceHealth" name="test_actuator_health[payment]" time="0.003" /><testcase classname="test_01_health.TestServiceHealth" name="test_actuator_health[accounting]" time="0.003" /><testcase classname="test_01_health.TestServiceHealth" name="test_actuator_health[float]" time="0.005" /><testcase classname="test_01_health.TestServiceHealth" name="test_actuator_health[collections]" time="0.004" /><testcase classname="test_01_health.TestServiceHealth" name="test_actuator_health[compliance]" time="0.004" /><testcase classname="test_01_health.TestServiceHealth" name="test_actuator_health[reporting]" time="0.005" /><testcase classname="test_01_health.TestServiceHealth" name="test_actuator_health[scoring]" time="0.005" /><testcase classname="test_01_health.TestServiceHealth" name="test_actuator_health[overdraft]" time="0.004" /><testcase classname="test_01_health.TestServiceHealth" name="test_actuator_health[media]" time="0.004" /><testcase classname="test_01_health.TestServiceHealth" name="test_actuator_health[notification]" time="0.004" /><testcase classname="test_01_health.TestServiceHealth" name="test_actuator_health[gateway]" time="0.005" /><testcase classname="test_01_health.TestServiceHealth" name="test_actuator_info[account]" time="0.002" /><testcase classname="test_01_health.TestServiceHealth" name="test_actuator_info[product]" time="0.003" /><testcase classname="test_01_health.TestServiceHealth" name="test_actuator_info[loan_origination]" time="0.003" /><testcase classname="test_01_health.TestServiceHealth" name="test_actuator_info[loan_management]" time="0.004" /><testcase classname="test_01_health.TestServiceHealth" name="test_actuator_info[payment]" time="0.004" /><testcase classname="test_01_health.TestServiceHealth" name="test_actuator_info[accounting]" time="0.003" /><testcase classname="test_01_health.TestServiceHealth" name="test_actuator_info[float]" time="0.003" /><testcase classname="test_01_health.TestServiceHealth" name="test_actuator_info[collections]" time="0.004" /><testcase classname="test_01_health.TestServiceHealth" name="test_actuator_info[compliance]" time="0.003" /><testcase classname="test_01_health.TestServiceHealth" name="test_actuator_info[reporting]" time="0.004" /><testcase classname="test_01_health.TestServiceHealth" name="test_actuator_info[scoring]" time="0.004" /><testcase classname="test_01_health.TestServiceHealth" name="test_actuator_info[overdraft]" time="0.003" /><testcase classname="test_01_health.TestServiceHealth" name="test_actuator_info[media]" time="0.003" /><testcase classname="test_01_health.TestServiceHealth" name="test_actuator_info[notification]" time="0.003" /><testcase classname="test_01_health.TestServiceHealth" name="test_actuator_info[gateway]" time="0.005" /><testcase classname="test_02_auth.TestAuthentication" name="test_admin_login" time="0.003" /><testcase classname="test_02_auth.TestAuthentication" name="test_manager_login" time="0.002" /><testcase classname="test_02_auth.TestAuthentication" name="test_officer_login" time="0.003" /><testcase classname="test_02_auth.TestAuthentication" name="test_teller_login" time="0.002" /><testcase classname="test_02_auth.TestAuthentication" name="test_invalid_credentials" time="0.002" /><testcase classname="test_02_auth.TestAuthentication" name="test_missing_password" time="0.002" /><testcase classname="test_02_auth.TestAuthentication" name="test_me_endpoint" time="0.006" /><testcase classname="test_02_auth.TestAuthentication" name="test_no_auth_rejected" time="0.002" /><testcase classname="test_02_auth.TestAuthentication" name="test_bad_token_rejected" time="0.002" /><testcase classname="test_02_auth.TestServiceKeyAuth" name="test_service_key_accepted" time="0.004" /><testcase classname="test_02_auth.TestServiceKeyAuth" name="test_wrong_service_key_rejected" time="0.002" /><testcase classname="test_02_auth.TestServiceKeyAuth" name="test_no_key_no_jwt_rejected" time="0.002" /><testcase classname="test_03_customers.TestCustomerCRUD" name="test_create_customer" time="0.007" /><testcase classname="test_03_customers.TestCustomerCRUD" name="test_list_customers" time="0.006" /><testcase classname="test_03_customers.TestCustomerCRUD" name="test_get_customer_by_id" time="0.012" /><testcase classname="test_03_customers.TestCustomerCRUD" name="test_get_customer_by_customer_id" time="0.005" /><testcase classname="test_03_customers.TestCustomerCRUD" name="test_update_customer" time="0.009" /><testcase classname="test_03_customers.TestCustomerCRUD" name="test_search_customers" time="0.006" /><testcase classname="test_03_customers.TestCustomerCRUD" name="test_create_customer_missing_fields" time="0.005" /><testcase classname="test_03_customers.TestCustomerCRUD" name="test_get_nonexistent_customer" time="0.006" /><testcase classname="test_04_accounts.TestAccountCRUD" name="test_create_savings_account" time="0.008" /><testcase classname="test_04_accounts.TestAccountCRUD" name="test_create_wallet_account" time="0.008" /><testcase classname="test_04_accounts.TestAccountCRUD" name="test_list_accounts" time="0.010" /><testcase classname="test_04_accounts.TestAccountCRUD" name="test_get_account_by_id" time="0.025" /><testcase classname="test_04_accounts.TestAccountCRUD" name="test_get_account_balance" time="0.006" /><testcase classname="test_04_accounts.TestAccountCRUD" name="test_get_accounts_by_customer" time="0.005" /><testcase classname="test_04_accounts.TestAccountCRUD" name="test_search_accounts" time="0.005" /><testcase classname="test_04_accounts.TestAccountOperations" name="test_credit_account" time="0.008" /><testcase classname="test_04_accounts.TestAccountOperations" name="test_debit_account" time="0.008" /><testcase classname="test_04_accounts.TestAccountOperations" name="test_debit_insufficient_funds" time="0.005" /><testcase classname="test_04_accounts.TestAccountOperations" name="test_transaction_history" time="0.005" /><testcase classname="test_04_accounts.TestAccountOperations" name="test_mini_statement" time="0.004" /><testcase classname="test_04_accounts.TestAccountOperations" name="test_account_statement" time="0.007" /><testcase classname="test_05_products.TestProductCRUD" name="test_list_products" time="0.009" /><testcase classname="test_05_products.TestProductCRUD" name="test_create_product" time="0.006" /><testcase classname="test_05_products.TestProductCRUD" name="test_get_product_by_id" time="0.011" /><testcase classname="test_05_products.TestProductCRUD" name="test_simulate_schedule" time="0.011" /><testcase classname="test_05_products.TestProductCRUD" name="test_list_product_templates" time="0.004" /><testcase classname="test_05_products.TestProductCRUD" name="test_product_versions" time="0.012" /><testcase classname="test_05_products.TestCharges" name="test_list_charges" time="0.005" /><testcase classname="test_05_products.TestCharges" name="test_create_charge" time="0.005" /><testcase classname="test_06_loan_origination.TestLoanApplicationCRUD" name="test_create_application" time="0.017" /><testcase classname="test_06_loan_origination.TestLoanApplicationCRUD" name="test_list_applications" time="0.009" /><testcase classname="test_06_loan_origination.TestLoanApplicationCRUD" name="test_list_applications_by_customer" time="0.006" /><testcase classname="test_06_loan_origination.TestLoanApplicationCRUD" name="test_get_application_by_id" time="0.017" /><testcase classname="test_06_loan_origination.TestLoanApplicationWorkflow" name="test_submit_application" time="0.033" /><testcase classname="test_06_loan_origination.TestLoanApplicationWorkflow" name="test_start_review" time="0.032" /><testcase classname="test_06_loan_origination.TestLoanApplicationWorkflow" name="test_approve_application" time="0.046" /><testcase classname="test_06_loan_origination.TestLoanApplicationWorkflow" name="test_reject_application" time="0.055" /><testcase classname="test_06_loan_origination.TestLoanApplicationWorkflow" name="test_cancel_application" time="0.023" /><testcase classname="test_06_loan_origination.TestLoanApplicationWorkflow" name="test_add_note" time="0.022" /><testcase classname="test_06_loan_origination.TestLoanApplicationWorkflow" name="test_add_collateral" time="0.024" /><testcase classname="test_07_loan_management.TestLoanManagement" name="test_list_loans" time="0.007" /><testcase classname="test_07_loan_management.TestLoanManagement" name="test_list_loans_by_customer" time="0.007" /><testcase classname="test_07_loan_management.TestLoanManagement" name="test_get_loan_schedule" time="0.015" /><testcase classname="test_07_loan_management.TestLoanManagement" name="test_get_loan_by_id" time="0.014" /><testcase classname="test_07_loan_management.TestLoanManagement" name="test_get_loan_repayments" time="0.014" /><testcase classname="test_07_loan_management.TestLoanManagement" name="test_get_loan_dpd" time="0.016" /><testcase classname="test_07_loan_management.TestLoanManagement" name="test_get_nonexistent_loan" time="0.007" /><testcase classname="test_08_payments.TestPayments" name="test_list_payments" time="0.011" /><testcase classname="test_08_payments.TestPayments" name="test_create_payment" time="0.037" /><testcase classname="test_08_payments.TestPayments" name="test_get_payment_by_id" time="0.006" /><testcase classname="test_08_payments.TestPayments" name="test_get_payments_by_customer" time="0.008" /><testcase classname="test_08_payments.TestPayments" name="test_get_nonexistent_payment" time="0.007" /><testcase classname="test_09_accounting.TestChartOfAccounts" name="test_list_gl_accounts" time="0.006" /><testcase classname="test_09_accounting.TestChartOfAccounts" name="test_get_gl_account_by_code" time="0.007" /><testcase classname="test_09_accounting.TestChartOfAccounts" name="test_create_gl_account" time="0.005" /><testcase classname="test_09_accounting.TestJournalEntries" name="test_list_journal_entries" time="0.010" /><testcase classname="test_09_accounting.TestJournalEntries" name="test_get_journal_entry" time="0.016" /><testcase classname="test_09_accounting.TestTrialBalance" name="test_trial_balance" time="0.014" /><testcase classname="test_09_accounting.TestTrialBalance" name="test_trial_balance_with_period" time="0.015" /><testcase classname="test_09_accounting.TestTrialBalance" name="test_gl_account_balance" time="0.012" /><testcase classname="test_09_accounting.TestTrialBalance" name="test_gl_account_ledger" time="0.014" /><testcase classname="test_10_float.TestFloatService" name="test_list_float_accounts" time="0.008" /><testcase classname="test_10_float.TestFloatService" name="test_float_summary" time="0.008" /><testcase classname="test_10_float.TestFloatService" name="test_get_float_account" time="0.012" /><testcase classname="test_10_float.TestFloatService" name="test_float_transactions" time="0.018" /><testcase classname="test_11_collections.TestCollections" name="test_list_cases" time="0.008" /><testcase classname="test_11_collections.TestCollections" name="test_collections_summary" time="0.013" /><testcase classname="test_11_collections.TestCollections" name="test_get_case_by_id" time="0.012" /><testcase classname="test_11_collections.TestCollections" name="test_get_case_actions" time="0.009" /><testcase classname="test_11_collections.TestCollections" name="test_get_case_ptps" time="0.011" /><testcase classname="test_12_compliance.TestKYC" name="test_create_kyc" time="0.013" /><testcase classname="test_12_compliance.TestKYC" name="test_get_kyc_by_customer" time="0.008" /><testcase classname="test_12_compliance.TestKYC" name="test_pass_kyc" time="0.022" /><testcase classname="test_12_compliance.TestAMLAlerts" name="test_list_alerts" time="0.009" /><testcase classname="test_12_compliance.TestAMLAlerts" name="test_create_alert" time="0.013" /><testcase classname="test_12_compliance.TestAMLAlerts" name="test_compliance_summary" time="0.014" /><testcase classname="test_12_compliance.TestAMLAlerts" name="test_compliance_events" time="0.010" /><testcase classname="test_13_scoring.TestAIScoring" name="test_list_scoring_requests" time="0.009" /><testcase classname="test_13_scoring.TestAIScoring" name="test_create_scoring_request" time="0.009" /><testcase classname="test_13_scoring.TestAIScoring" name="test_get_latest_score" time="0.006" /><testcase classname="test_13_scoring.TestAIScoring" name="test_get_scoring_request" time="0.016" /><testcase classname="test_14_overdraft.TestWalletCRUD" name="test_list_wallets" time="0.007" /><testcase classname="test_14_overdraft.TestWalletCRUD" name="test_create_wallet" time="0.007" /><testcase classname="test_14_overdraft.TestWalletCRUD" name="test_get_wallet_by_customer" time="0.005" /><testcase classname="test_14_overdraft.TestWalletCRUD" name="test_overdraft_summary" time="0.005" /><testcase classname="test_14_overdraft.TestWalletOperations" name="test_deposit" time="0.021" /><testcase classname="test_14_overdraft.TestWalletOperations" name="test_withdraw" time="0.027" /><testcase classname="test_14_overdraft.TestWalletOperations" name="test_wallet_transactions" time="0.017" /><testcase classname="test_14_overdraft.TestWalletOperations" name="test_apply_overdraft" time="0.017" /><testcase classname="test_14_overdraft.TestWalletOperations" name="test_get_overdraft_facility" time="0.015" /><testcase classname="test_15_media.TestMediaService" name="test_list_media" time="0.007" /><testcase classname="test_15_media.TestMediaService" name="test_upload_document" time="0.006" /><testcase classname="test_15_media.TestMediaService" name="test_get_media_by_customer" time="0.009" /><testcase classname="test_15_media.TestMediaService" name="test_media_stats" time="0.006" /><testcase classname="test_15_media.TestMediaService" name="test_media_stats_all" time="0.007" /><testcase classname="test_16_notifications.TestNotificationService" name="test_list_notification_logs" time="0.010" /><testcase classname="test_16_notifications.TestNotificationService" name="test_get_email_config" time="0.006" /><testcase classname="test_16_notifications.TestNotificationService" name="test_get_sms_config" time="0.005" /><testcase classname="test_16_notifications.TestNotificationService" name="test_send_test_notification" time="0.004" /><testcase classname="test_17_gateway.TestGatewayHealth" name="test_gateway_health" time="0.003" /><testcase classname="test_17_gateway.TestGatewayRouting" name="test_route_with_service_key[accounts]" time="0.007" /><testcase classname="test_17_gateway.TestGatewayRouting" name="test_route_with_service_key[customers]" time="0.008" /><testcase classname="test_17_gateway.TestGatewayRouting" name="test_route_with_service_key[products]" time="0.008" /><testcase classname="test_17_gateway.TestGatewayRouting" name="test_route_with_service_key[loan-applications]" time="0.011" /><testcase classname="test_17_gateway.TestGatewayRouting" name="test_route_with_service_key[loans]" time="0.007" /><testcase classname="test_17_gateway.TestGatewayRouting" name="test_route_with_service_key[payments]" time="0.008" /><testcase classname="test_17_gateway.TestGatewayRouting" name="test_route_with_service_key[scoring]" time="0.009" /><testcase classname="test_17_gateway.TestGatewayRouting" name="test_route_with_service_key[wallets]" time="0.006" /><testcase classname="test_17_gateway.TestGatewayRouting" name="test_route_with_service_key[compliance]" time="0.007" /><testcase classname="test_17_gateway.TestGatewayRouting" name="test_route_with_jwt[accounts]" time="0.011" /><testcase classname="test_17_gateway.TestGatewayRouting" name="test_route_with_jwt[customers]" time="0.010" /><testcase classname="test_17_gateway.TestGatewayRouting" name="test_route_with_jwt[products]" time="0.011" /><testcase classname="test_17_gateway.TestGatewayRouting" name="test_route_with_jwt[loan-applications]" time="0.014" /><testcase classname="test_17_gateway.TestGatewayRouting" name="test_route_with_jwt[loans]" time="0.010" /><testcase classname="test_17_gateway.TestGatewayRouting" name="test_route_with_jwt[payments]" time="0.013" /><testcase classname="test_17_gateway.TestGatewayRouting" name="test_route_with_jwt[scoring]" time="0.009" /><testcase classname="test_17_gateway.TestGatewayRouting" name="test_route_with_jwt[wallets]" time="0.009" /><testcase classname="test_17_gateway.TestGatewayRouting" name="test_route_with_jwt[compliance]" time="0.010" /><testcase classname="test_17_gateway.TestGatewayRouting" name="test_gateway_rejects_no_auth" time="0.001" /><testcase classname="test_17_gateway.TestGatewayRouting" name="test_gateway_rejects_bad_key" time="0.001" /><testcase classname="test_17_gateway.TestGatewayRouting" name="test_gateway_auth_endpoint" time="0.001" /><testcase classname="test_18_transfers.TestTransfers" name="test_transfer_between_accounts" time="0.032" /><testcase classname="test_18_transfers.TestTransfers" name="test_transfer_insufficient_funds" time="0.029" /><testcase classname="test_18_transfers.TestTransfers" name="test_get_transfer_by_id" time="0.038" /><testcase classname="test_18_transfers.TestTransfers" name="test_list_transfers_by_account" time="0.026" /><testcase classname="test_19_e2e_loan_lifecycle.TestLoanLifecycleE2E" name="test_full_loan_lifecycle[NANO]" time="2.174" /><testcase classname="test_19_e2e_loan_lifecycle.TestLoanLifecycleE2E" name="test_full_loan_lifecycle[PERSONAL]" time="2.119" /><testcase classname="test_19_e2e_loan_lifecycle.TestLoanLifecycleE2E" name="test_full_loan_lifecycle[SME]" time="2.201" /><testcase classname="test_19_e2e_loan_lifecycle.TestLoanApplicationEdgeCases" name="test_application_with_zero_amount" time="0.017" /><testcase classname="test_19_e2e_loan_lifecycle.TestLoanApplicationEdgeCases" name="test_application_with_negative_amount" time="0.016" /><testcase classname="test_19_e2e_loan_lifecycle.TestLoanApplicationEdgeCases" name="test_double_submit_rejected" time="0.041" /><testcase classname="test_20_e2e_overdraft.TestOverdraftLifecycleE2E" name="test_full_wallet_lifecycle" time="0.047" /><testcase classname="test_20_e2e_overdraft.TestOverdraftLifecycleE2E" name="test_overdraft_application" time="0.036" /><testcase classname="test_20_e2e_overdraft.TestOverdraftLifecycleE2E" name="test_withdraw_exceeding_balance_no_overdraft" time="0.032" /><testcase classname="test_21_e2e_accounting_gl.TestAccountingGLVerification" name="test_trial_balance_is_balanced" time="0.026" /><testcase classname="test_21_e2e_accounting_gl.TestAccountingGLVerification" name="test_gl_accounts_exist" time="0.024" /><testcase classname="test_21_e2e_accounting_gl.TestAccountingGLVerification" name="test_journal_entries_exist" time="0.006" /><testcase classname="test_21_e2e_accounting_gl.TestAccountingGLVerification" name="test_disbursement_creates_journal_entry" time="5.107" /><testcase classname="test_21_e2e_accounting_gl.TestReportingService" name="test_portfolio_summary" time="0.012" /><testcase classname="test_21_e2e_accounting_gl.TestReportingService" name="test_reporting_events" time="0.015" /><testcase classname="test_21_e2e_accounting_gl.TestReportingService" name="test_reporting_snapshots" time="0.013" /><testcase classname="test_21_e2e_accounting_gl.TestReportingService" name="test_reporting_metrics" time="0.026" /><testcase classname="test_21_e2e_accounting_gl.TestReportingService" name="test_latest_snapshot" time="0.008" /><testcase classname="test_22_e2e_organization.TestOrganizationSettings" name="test_get_org_settings" time="0.006" /><testcase classname="test_22_e2e_organization.TestSwaggerDocs" name="test_swagger_ui[account]" time="0.005" /><testcase classname="test_22_e2e_organization.TestSwaggerDocs" name="test_swagger_ui[product]" time="0.006" /><testcase classname="test_22_e2e_organization.TestSwaggerDocs" name="test_swagger_ui[loan_origination]" time="0.010" /><testcase classname="test_22_e2e_organization.TestSwaggerDocs" name="test_swagger_ui[loan_management]" time="0.011" /><testcase classname="test_22_e2e_organization.TestSwaggerDocs" name="test_swagger_ui[payment]" time="0.006" /><testcase classname="test_22_e2e_organization.TestSwaggerDocs" name="test_swagger_ui[accounting]" time="0.006" /><testcase classname="test_22_e2e_organization.TestSwaggerDocs" name="test_swagger_ui[float]" time="0.008" /><testcase classname="test_22_e2e_organization.TestSwaggerDocs" name="test_swagger_ui[collections]" time="0.007" /><testcase classname="test_22_e2e_organization.TestSwaggerDocs" name="test_swagger_ui[compliance]" time="0.007" /><testcase classname="test_22_e2e_organization.TestSwaggerDocs" name="test_swagger_ui[reporting]" time="0.006" /><testcase classname="test_22_e2e_organization.TestSwaggerDocs" name="test_swagger_ui[scoring]" time="0.004" /><testcase classname="test_22_e2e_organization.TestSwaggerDocs" name="test_swagger_ui[overdraft]" time="0.004" /><testcase classname="test_22_e2e_organization.TestSwaggerDocs" name="test_swagger_ui[media]" time="0.004" /><testcase classname="test_22_e2e_organization.TestSwaggerDocs" name="test_swagger_ui[notification]" time="0.003" /><testcase classname="test_22_e2e_organization.TestSwaggerDocs" name="test_api_docs[account]" time="0.004" /><testcase classname="test_22_e2e_organization.TestSwaggerDocs" name="test_api_docs[product]" time="0.003" /><testcase classname="test_22_e2e_organization.TestSwaggerDocs" name="test_api_docs[loan_origination]" time="0.003" /><testcase classname="test_22_e2e_organization.TestSwaggerDocs" name="test_api_docs[loan_management]" time="0.004" /><testcase classname="test_22_e2e_organization.TestSwaggerDocs" name="test_api_docs[payment]" time="0.003" /><testcase classname="test_22_e2e_organization.TestSwaggerDocs" name="test_api_docs[accounting]" time="0.003" /><testcase classname="test_22_e2e_organization.TestSwaggerDocs" name="test_api_docs[float]" time="0.003" /><testcase classname="test_22_e2e_organization.TestSwaggerDocs" name="test_api_docs[collections]" time="0.003" /><testcase classname="test_22_e2e_organization.TestSwaggerDocs" name="test_api_docs[compliance]" time="0.003" /><testcase classname="test_22_e2e_organization.TestSwaggerDocs" name="test_api_docs[reporting]" time="0.003" /><testcase classname="test_22_e2e_organization.TestSwaggerDocs" name="test_api_docs[scoring]" time="0.003" /><testcase classname="test_22_e2e_organization.TestSwaggerDocs" name="test_api_docs[overdraft]" time="0.003" /><testcase classname="test_22_e2e_organization.TestSwaggerDocs" name="test_api_docs[media]" time="0.004" /><testcase classname="test_22_e2e_organization.TestSwaggerDocs" name="test_api_docs[notification]" time="0.004" /></testsuite></testsuites>