<?xml version="1.0" encoding="utf-8"?><testsuites name="pytest tests"><testsuite name="pytest" errors="0" failures="0" skipped="0" tests="31" time="0.158" timestamp="2026-03-04T15:37:23.635952+03:00" hostname="adira-Raider-GE68HX-13VF"><testcase classname="test_01_health.TestServiceHealth" name="test_actuator_health[account]" time="0.004" /><testcase classname="test_01_health.TestServiceHealth" name="test_actuator_health[product]" time="0.003" /><testcase classname="test_01_health.TestServiceHealth" name="test_actuator_health[loan_origination]" time="0.003" /><testcase classname="test_01_health.TestServiceHealth" name="test_actuator_health[loan_management]" time="0.003" /><testcase classname="test_01_health.TestServiceHealth" name="test_actuator_health[payment]" time="0.003" /><testcase classname="test_01_health.TestServiceHealth" name="test_actuator_health[accounting]" time="0.003" /><testcase classname="test_01_health.TestServiceHealth" name="test_actuator_health[float]" time="0.003" /><testcase classname="test_01_health.TestServiceHealth" name="test_actuator_health[collections]" time="0.003" /><testcase classname="test_01_health.TestServiceHealth" name="test_actuator_health[compliance]" time="0.003" /><testcase classname="test_01_health.TestServiceHealth" name="test_actuator_health[reporting]" time="0.003" /><testcase classname="test_01_health.TestServiceHealth" name="test_actuator_health[scoring]" time="0.003" /><testcase classname="test_01_health.TestServiceHealth" name="test_actuator_health[overdraft]" time="0.006" /><testcase classname="test_01_health.TestServiceHealth" name="test_actuator_health[media]" time="0.005" /><testcase classname="test_01_health.TestServiceHealth" name="test_actuator_health[notification]" time="0.004" /><testcase classname="test_01_health.TestServiceHealth" name="test_actuator_health[gateway]" time="0.006" /><testcase classname="test_01_health.TestServiceHealth" name="test_actuator_info[account]" time="0.005" /><testcase classname="test_01_health.TestServiceHealth" name="test_actuator_info[product]" time="0.006" /><testcase classname="test_01_health.TestServiceHealth" name="test_actuator_info[loan_origination]" time="0.004" /><testcase classname="test_01_health.TestServiceHealth" name="test_actuator_info[loan_management]" time="0.004" /><testcase classname="test_01_health.TestServiceHealth" name="test_actuator_info[payment]" time="0.004" /><testcase classname="test_01_health.TestServiceHealth" name="test_actuator_info[accounting]" time="0.006" /><testcase classname="test_01_health.TestServiceHealth" name="test_actuator_info[float]" time="0.004" /><testcase classname="test_01_health.TestServiceHealth" name="test_actuator_info[collections]" time="0.003" /><testcase classname="test_01_health.TestServiceHealth" name="test_actuator_info[compliance]" time="0.002" /><testcase classname="test_01_health.TestServiceHealth" name="test_actuator_info[reporting]" time="0.002" /><testcase classname="test_01_health.TestServiceHealth" name="test_actuator_info[scoring]" time="0.002" /><testcase classname="test_01_health.TestServiceHealth" name="test_actuator_info[overdraft]" time="0.003" /><testcase classname="test_01_health.TestServiceHealth" name="test_actuator_info[media]" time="0.002" /><testcase classname="test_01_health.TestServiceHealth" name="test_actuator_info[notification]" time="0.003" /><testcase classname="test_01_health.TestServiceHealth" name="test_actuator_info[gateway]" time="0.004" /><testcase classname="test_17_gateway.TestGatewayHealth" name="test_gateway_health" time="0.004" /></testsuite></testsuites>